


ARM Macro Assembler    Page 1 


    1 00000000         ;//-------- <<< Use Configuration Wizard in Context Menu
                        >>> ------------------
    2 00000000         
    3 00000000         
    4 00000000         ;<h> Stack Configuration
    5 00000000         ;  <o> Stack Size (in Bytes) <0x0-0xFFFFFFFF:8>
    6 00000000         ;</h>
    7 00000000         
    8 00000000 00000400 
                       Stack_Size
                               EQU              0x00000400
    9 00000000         
   10 00000000                 AREA             STACK, NOINIT, READWRITE, ALIGN
=3
   11 00000000         __stack_limit
   12 00000000         Stack_Mem
                               SPACE            Stack_Size
   13 00000400         __initial_sp
   14 00000400         
   15 00000400         
   16 00000400         ;<h> Heap Configuration
   17 00000400         ;  <o> Heap Size (in Bytes) <0x0-0xFFFFFFFF:8>
   18 00000400         ;</h>
   19 00000400         
   20 00000400 00000C00 
                       Heap_Size
                               EQU              0x00000C00
   21 00000400         
   22 00000400                 IF               Heap_Size != 0 
                                                            ; Heap is provided
   23 00000400                 AREA             HEAP, NOINIT, READWRITE, ALIGN=
3
   24 00000000         __heap_base
   25 00000000         Heap_Mem
                               SPACE            Heap_Size
   26 00000C00         __heap_limit
   27 00000C00                 ENDIF
   28 00000C00         
   29 00000C00         
   30 00000C00                 PRESERVE8
   31 00000C00                 THUMB
   32 00000C00         
   33 00000C00         
   34 00000C00         ; Vector Table Mapped to Address 0 at Reset
   35 00000C00         
   36 00000C00                 AREA             RESET, DATA, READONLY
   37 00000000                 EXPORT           __Vectors
   38 00000000                 EXPORT           __Vectors_End
   39 00000000                 EXPORT           __Vectors_Size
   40 00000000         
   41 00000000 00000000 
                       __Vectors
                               DCD              __initial_sp ;     Top of Stack
                                                            
   42 00000004 00000000        DCD              Reset_Handler 
                                                            ;     Reset Handler
                                                            
   43 00000008 00000000        DCD              NMI_Handler ; -14 NMI Handler
   44 0000000C 00000000        DCD              HardFault_Handler ; -13 Hard Fa



ARM Macro Assembler    Page 2 


                                                            ult Handler
   45 00000010 00000000        DCD              MemManage_Handler ; -12 MPU Fau
                                                            lt Handler
   46 00000014 00000000        DCD              BusFault_Handler ; -11 Bus Faul
                                                            t Handler
   47 00000018 00000000        DCD              UsageFault_Handler ; -10 Usage 
                                                            Fault Handler
   48 0000001C 00000000        DCD              0           ;     Reserved
   49 00000020 00000000        DCD              0           ;     Reserved
   50 00000024 00000000        DCD              0           ;     Reserved
   51 00000028 00000000        DCD              0           ;     Reserved
   52 0000002C 00000000        DCD              SVC_Handler ;  -5 SVCall Handle
                                                            r
   53 00000030 00000000        DCD              DebugMon_Handler ;  -4 Debug Mo
                                                            nitor Handler
   54 00000034 00000000        DCD              0           ;     Reserved
   55 00000038 00000000        DCD              PendSV_Handler ;  -2 PendSV Han
                                                            dler
   56 0000003C 00000000        DCD              SysTick_Handler ;  -1 SysTick H
                                                            andler
   57 00000040         
   58 00000040         ; Interrupts
   59 00000040 00000000        DCD              Interrupt0_Handler 
                                                            ;   0 Interrupt 0
   60 00000044 00000000        DCD              Interrupt1_Handler 
                                                            ;   1 Interrupt 1
   61 00000048 00000000        DCD              Interrupt2_Handler 
                                                            ;   2 Interrupt 2
   62 0000004C 00000000        DCD              Interrupt3_Handler 
                                                            ;   3 Interrupt 3
   63 00000050 00000000        DCD              Interrupt4_Handler 
                                                            ;   4 Interrupt 4
   64 00000054 00000000        DCD              Interrupt5_Handler 
                                                            ;   5 Interrupt 5
   65 00000058 00000000        DCD              Interrupt6_Handler 
                                                            ;   6 Interrupt 6
   66 0000005C 00000000        DCD              Interrupt7_Handler 
                                                            ;   7 Interrupt 7
   67 00000060 00000000        DCD              Interrupt8_Handler 
                                                            ;   8 Interrupt 8
   68 00000064 00000000        DCD              Interrupt9_Handler 
                                                            ;   9 Interrupt 9
   69 00000068         
   70 00000068 00 00 00 
              00 00 00 
              00 00 00 
              00 00 00 
              00 00 00 
              00 00 00 
              00 00 00 
              00 00 00 
              00 00 00 
              00 00 00 
              00 00 00 
              00 00 00 
              00 00 00 
              00 00 00 
              00 00 00 
              00 00 00 



ARM Macro Assembler    Page 3 


              00 00 00 
              00 00 00 
              00 00 00 
              00 00 00 
              00 00 00 
              00 00 00 
              00 00 00 
              00 00 00 
              00 00 00 
              00 00 00 
              00 00 00 
              00 00 00 
              00 00 00 
              00 00 00 
              00 00 00 
              00 00 00 
              00 00 00 
              00 00 00 
              00 00 00 
              00 00 00 
              00 00 00 
              00 00 00 
              00 00 00 
              00 00 00 
              00 00 00 
              00 00 00 
              00 00 00 
              00 00 00 
              00 00 00 
              00 00 00 
              00 00 00 
              00 00 00 
              00 00 00 
              00 00 00 
              00 00 00 
              00 00 00 
              00 00 00 
              00 00 00 
              00 00 00 
              00 00 00 
              00 00 00 
              00 00 00 
              00 00 00 
              00 00 00 
              00 00 00 
              00 00 00 
              00 00 00 
              00 00 00 
              00 00 00 
              00 00 00 
              00 00 00 
              00 00 00 
              00 00 00 
              00 00 00 
              00 00 00 
              00 00 00 
              00 00 00 
              00 00 00 
              00 00 00 



ARM Macro Assembler    Page 4 


              00 00 00 
              00 00 00 
              00 00 00 
              00 00 00 
              00 00 00 
              00 00 00 
              00 00 00 
              00 00 00 
              00 00 00 
              00 00 00 
              00 00 00 
              00 00 00 
              00 00 00 
              00 00 00 
              00 00 00 
              00 00 00 
              00 00 00 
              00 00 00 
              00 00 00 
              00 00 00 
              00 00 00 
              00 00 00 
              00 00 00 
              00 00 00 
              00 00 00 
              00 00 00 
              00 00 00 
              00 00 00 
              00 00 00 
              00 00 00 
              00 00 00 
              00 00 00 
              00 00 00 
              00 00 00 
              00 00 00 
              00 00 00 
              00 00 00 
              00 00 00 
              00 00 00 
              00 00 00 
              00 00 00 
              00 00 00 
              00 00 00 
              00 00 00 
              00 00 00 
              00 00 00 
              00 00 00 
              00 00 00 
              00 00 00 
              00 00 00 
              00 00 00 
              00 00 00 
              00 00 00 
              00 00 00 
              00 00 00 
              00 00 00 
              00 00 00 
              00 00 00 
              00 00 00 



ARM Macro Assembler    Page 5 


              00 00 00 
              00 00 00 
              00 00 00 
              00 00 00 
              00 00 00 
              00 00 00 
              00 00 00 
              00 00 00 
              00 00 00 
              00 00 00 
              00 00 00 
              00 00 00 
              00 00 00 
              00 00 00 
              00 00 00 
              00 00 00 
              00 00 00 
              00 00 00 
              00 00 00 
              00 00 00 
              00 00 00 
              00 00 00 
              00 00 00 
              00 00 00 
              00 00 00 
              00 00 00 
              00 00 00 
              00 00 00 
              00 00 00 
              00 00 00 
              00 00 00 
              00 00 00 
              00 00 00 
              00 00 00 
              00 00 00 
              00 00 00 
              00 00 00 
              00 00 00 
              00 00 00 
              00 00 00 
              00 00 00 
              00 00 00 
              00 00 00 
              00 00 00 
              00 00 00 
              00 00 00 
              00 00 00 
              00 00 00 
              00 00 00 
              00 00 00 
              00 00 00 
              00 00 00 
              00 00 00 
              00 00 00 
              00 00 00 
              00 00 00 
              00 00 00 
              00 00 00 
              00 00 00 



ARM Macro Assembler    Page 6 


              00 00 00 
              00 00 00 
              00 00 00 
              00 00 00 
              00 00 00 
              00 00 00 
              00 00 00 
              00 00 00 
              00 00 00 
              00 00 00 
              00 00 00 
              00 00 00 
              00 00 00 
              00 00 00 
              00 00 00 
              00 00 00 
              00 00 00 
              00 00 00 
              00 00 00 
              00 00 00 
              00 00 00 
              00 00 00 
              00 00 00 
              00 00 00 
              00 00 00 
              00 00 00 
              00 00 00 
              00 00 00 
              00 00 00 
              00 00 00 
              00 00 00 
              00 00 00 
              00 00 00 
              00 00 00 
              00 00 00 
              00 00 00 
              00 00 00 
              00 00 00 
              00 00 00 
              00 00 00 
              00 00 00 
              00 00 00 
              00 00 00 
              00 00 00 
              00 00 00 
              00 00 00 
              00 00 00 
              00 00 00 
              00 00 00 
              00 00 00 
              00 00 00 
              00 00 00 
              00 00 00 
              00 00 00 
              00 00 00 
              00 00 00 
              00 00 00 
              00 00 00 
              00 00 00 



ARM Macro Assembler    Page 7 


              00 00 00 
              00 00 00 
              00 00 00 
              00 00 00 
              00 00 00 
              00 00 00 
              00 00 00 
              00 00 00 
              00 00 00 
              00 00 00 
              00 00 00 
              00 00 00 
              00 00 00 
              00 00 00 
              00 00 00 
              00 00 00 
              00 00 00 
              00 00 00 
              00 00 00 
              00 00 00 
              00 00 00 
              00 00 00 
              00 00 00 
              00 00 00 
              00 00 00 
              00 00 00 
              00 00 00 
              00 00 00 
              00 00 00 
              00 00 00 
              00 00 00 
              00 00 00 
              00 00 00 
              00               SPACE            (214 * 4)   ; Interrupts 10 .. 
                                                            224 are left out
   71 000003C0         __Vectors_End
   72 000003C0 000003C0 
                       __Vectors_Size
                               EQU              __Vectors_End - __Vectors
   73 000003C0         
   74 000003C0         
   75 000003C0                 AREA             |.text|, CODE, READONLY
   76 00000000         
   77 00000000         ; Reset Handler
   78 00000000         
   79 00000000         Reset_Handler
                               PROC
   80 00000000                 EXPORT           Reset_Handler             [WEAK
]
   81 00000000                 IMPORT           SystemInit
   82 00000000                 IMPORT           __main
   83 00000000         
   84 00000000 480B            LDR              R0, =SystemInit
   85 00000002 4780            BLX              R0
   86 00000004 480B            LDR              R0, =__main
   87 00000006 4700            BX               R0
   88 00000008                 ENDP
   89 00000008         
   90 00000008         



ARM Macro Assembler    Page 8 


   91 00000008         ; Macro to define default exception/interrupt handlers.
   92 00000008         ; Default handler are weak symbols with an endless loop.
                       
   93 00000008         ; They can be overwritten by real handlers.
   94 00000008                 MACRO
   95 00000008                 Set_Default_Handler
                                                $Handler_Name
   96 00000008         $Handler_Name
                               PROC
   97 00000008                 EXPORT           $Handler_Name             [WEAK
]
   98 00000008                 B                .
   99 00000008                 ENDP
  100 00000008                 MEND
  101 00000008         
  102 00000008         
  103 00000008         ; Default exception/interrupt handler
  104 00000008         
  105 00000008                 Set_Default_Handler
                                                NMI_Handler
   96 00000008         NMI_Handler
                               PROC
   97 00000008                 EXPORT           NMI_Handler             [WEAK]
   98 00000008 E7FE            B                .
   99 0000000A                 ENDP
  106 0000000A                 Set_Default_Handler
                                                HardFault_Handler
   96 0000000A         HardFault_Handler
                               PROC
   97 0000000A                 EXPORT           HardFault_Handler             [
WEAK]
   98 0000000A E7FE            B                .
   99 0000000C                 ENDP
  107 0000000C                 Set_Default_Handler
                                                MemManage_Handler
   96 0000000C         MemManage_Handler
                               PROC
   97 0000000C                 EXPORT           MemManage_Handler             [
WEAK]
   98 0000000C E7FE            B                .
   99 0000000E                 ENDP
  108 0000000E                 Set_Default_Handler
                                                BusFault_Handler
   96 0000000E         BusFault_Handler
                               PROC
   97 0000000E                 EXPORT           BusFault_Handler             [W
EAK]
   98 0000000E E7FE            B                .
   99 00000010                 ENDP
  109 00000010                 Set_Default_Handler
                                                UsageFault_Handler
   96 00000010         UsageFault_Handler
                               PROC
   97 00000010                 EXPORT           UsageFault_Handler             
[WEAK]
   98 00000010 E7FE            B                .
   99 00000012                 ENDP
  110 00000012                 Set_Default_Handler
                                                SVC_Handler



ARM Macro Assembler    Page 9 


   96 00000012         SVC_Handler
                               PROC
   97 00000012                 EXPORT           SVC_Handler             [WEAK]
   98 00000012 E7FE            B                .
   99 00000014                 ENDP
  111 00000014                 Set_Default_Handler
                                                DebugMon_Handler
   96 00000014         DebugMon_Handler
                               PROC
   97 00000014                 EXPORT           DebugMon_Handler             [W
EAK]
   98 00000014 E7FE            B                .
   99 00000016                 ENDP
  112 00000016                 Set_Default_Handler
                                                PendSV_Handler
   96 00000016         PendSV_Handler
                               PROC
   97 00000016                 EXPORT           PendSV_Handler             [WEA
K]
   98 00000016 E7FE            B                .
   99 00000018                 ENDP
  113 00000018                 Set_Default_Handler
                                                SysTick_Handler
   96 00000018         SysTick_Handler
                               PROC
   97 00000018                 EXPORT           SysTick_Handler             [WE
AK]
   98 00000018 E7FE            B                .
   99 0000001A                 ENDP
  114 0000001A         
  115 0000001A                 Set_Default_Handler
                                                Interrupt0_Handler
   96 0000001A         Interrupt0_Handler
                               PROC
   97 0000001A                 EXPORT           Interrupt0_Handler             
[WEAK]
   98 0000001A E7FE            B                .
   99 0000001C                 ENDP
  116 0000001C                 Set_Default_Handler
                                                Interrupt1_Handler
   96 0000001C         Interrupt1_Handler
                               PROC
   97 0000001C                 EXPORT           Interrupt1_Handler             
[WEAK]
   98 0000001C E7FE            B                .
   99 0000001E                 ENDP
  117 0000001E                 Set_Default_Handler
                                                Interrupt2_Handler
   96 0000001E         Interrupt2_Handler
                               PROC
   97 0000001E                 EXPORT           Interrupt2_Handler             
[WEAK]
   98 0000001E E7FE            B                .
   99 00000020                 ENDP
  118 00000020                 Set_Default_Handler
                                                Interrupt3_Handler
   96 00000020         Interrupt3_Handler
                               PROC
   97 00000020                 EXPORT           Interrupt3_Handler             



ARM Macro Assembler    Page 10 


[WEAK]
   98 00000020 E7FE            B                .
   99 00000022                 ENDP
  119 00000022                 Set_Default_Handler
                                                Interrupt4_Handler
   96 00000022         Interrupt4_Handler
                               PROC
   97 00000022                 EXPORT           Interrupt4_Handler             
[WEAK]
   98 00000022 E7FE            B                .
   99 00000024                 ENDP
  120 00000024                 Set_Default_Handler
                                                Interrupt5_Handler
   96 00000024         Interrupt5_Handler
                               PROC
   97 00000024                 EXPORT           Interrupt5_Handler             
[WEAK]
   98 00000024 E7FE            B                .
   99 00000026                 ENDP
  121 00000026                 Set_Default_Handler
                                                Interrupt6_Handler
   96 00000026         Interrupt6_Handler
                               PROC
   97 00000026                 EXPORT           Interrupt6_Handler             
[WEAK]
   98 00000026 E7FE            B                .
   99 00000028                 ENDP
  122 00000028                 Set_Default_Handler
                                                Interrupt7_Handler
   96 00000028         Interrupt7_Handler
                               PROC
   97 00000028                 EXPORT           Interrupt7_Handler             
[WEAK]
   98 00000028 E7FE            B                .
   99 0000002A                 ENDP
  123 0000002A                 Set_Default_Handler
                                                Interrupt8_Handler
   96 0000002A         Interrupt8_Handler
                               PROC
   97 0000002A                 EXPORT           Interrupt8_Handler             
[WEAK]
   98 0000002A E7FE            B                .
   99 0000002C                 ENDP
  124 0000002C                 Set_Default_Handler
                                                Interrupt9_Handler
   96 0000002C         Interrupt9_Handler
                               PROC
   97 0000002C                 EXPORT           Interrupt9_Handler             
[WEAK]
   98 0000002C E7FE            B                .
   99 0000002E                 ENDP
  125 0000002E         
  126 0000002E 00 00           ALIGN
  127 00000030         
  128 00000030         
  129 00000030         ; User setup Stack & Heap
  130 00000030         
  131 00000030                 IF               :LNOT::DEF:__MICROLIB
  132 00000030                 IMPORT           __use_two_region_memory



ARM Macro Assembler    Page 11 


  133 00000030                 ENDIF
  134 00000030         
  135 00000030                 EXPORT           __stack_limit
  136 00000030                 EXPORT           __initial_sp
  137 00000030                 IF               Heap_Size != 0 
                                                            ; Heap is provided
  138 00000030                 EXPORT           __heap_base
  139 00000030                 EXPORT           __heap_limit
  140 00000030                 ENDIF
  141 00000030         
  142 00000030                 END
              00000000 
              00000000 
Command Line: --debug --xref --diag_suppress=9931 --cpu=Cortex-M3 --apcs=interw
ork --depend=.\objects\startup_armcm3.d -o.\objects\startup_armcm3.o -I.\RTE\_T
arget_1 -IC:\Keil_v5\ARM\PACKS\ARM\CMSIS\5.6.0\CMSIS\Core\Include -IC:\Keil_v5\
ARM\PACKS\ARM\CMSIS\5.6.0\Device\ARM\ARMCM3\Include --predefine="__UVISION_VERS
ION SETA 528" --predefine="_RTE_ SETA 1" --predefine="ARMCM3 SETA 1" --list=.\l
istings\startup_armcm3.lst RTE\Device\ARMCM3\startup_ARMCM3.s



ARM Macro Assembler    Page 1 Alphabetic symbol ordering
Relocatable symbols

STACK 00000000

Symbol: STACK
   Definitions
      At line 10 in file RTE\Device\ARMCM3\startup_ARMCM3.s
   Uses
      None
Comment: STACK unused
Stack_Mem 00000000

Symbol: Stack_Mem
   Definitions
      At line 12 in file RTE\Device\ARMCM3\startup_ARMCM3.s
   Uses
      None
Comment: Stack_Mem unused
__initial_sp 00000400

Symbol: __initial_sp
   Definitions
      At line 13 in file RTE\Device\ARMCM3\startup_ARMCM3.s
   Uses
      At line 41 in file RTE\Device\ARMCM3\startup_ARMCM3.s
      At line 136 in file RTE\Device\ARMCM3\startup_ARMCM3.s

__stack_limit 00000000

Symbol: __stack_limit
   Definitions
      At line 11 in file RTE\Device\ARMCM3\startup_ARMCM3.s
   Uses
      At line 135 in file RTE\Device\ARMCM3\startup_ARMCM3.s
Comment: __stack_limit used once
4 symbols



ARM Macro Assembler    Page 1 Alphabetic symbol ordering
Relocatable symbols

HEAP 00000000

Symbol: HEAP
   Definitions
      At line 23 in file RTE\Device\ARMCM3\startup_ARMCM3.s
   Uses
      None
Comment: HEAP unused
Heap_Mem 00000000

Symbol: Heap_Mem
   Definitions
      At line 25 in file RTE\Device\ARMCM3\startup_ARMCM3.s
   Uses
      None
Comment: Heap_Mem unused
__heap_base 00000000

Symbol: __heap_base
   Definitions
      At line 24 in file RTE\Device\ARMCM3\startup_ARMCM3.s
   Uses
      At line 138 in file RTE\Device\ARMCM3\startup_ARMCM3.s
Comment: __heap_base used once
__heap_limit 00000C00

Symbol: __heap_limit
   Definitions
      At line 26 in file RTE\Device\ARMCM3\startup_ARMCM3.s
   Uses
      At line 139 in file RTE\Device\ARMCM3\startup_ARMCM3.s
Comment: __heap_limit used once
4 symbols



ARM Macro Assembler    Page 1 Alphabetic symbol ordering
Relocatable symbols

RESET 00000000

Symbol: RESET
   Definitions
      At line 36 in file RTE\Device\ARMCM3\startup_ARMCM3.s
   Uses
      None
Comment: RESET unused
__Vectors 00000000

Symbol: __Vectors
   Definitions
      At line 41 in file RTE\Device\ARMCM3\startup_ARMCM3.s
   Uses
      At line 37 in file RTE\Device\ARMCM3\startup_ARMCM3.s
      At line 72 in file RTE\Device\ARMCM3\startup_ARMCM3.s

__Vectors_End 000003C0

Symbol: __Vectors_End
   Definitions
      At line 71 in file RTE\Device\ARMCM3\startup_ARMCM3.s
   Uses
      At line 38 in file RTE\Device\ARMCM3\startup_ARMCM3.s
      At line 72 in file RTE\Device\ARMCM3\startup_ARMCM3.s

3 symbols



ARM Macro Assembler    Page 1 Alphabetic symbol ordering
Relocatable symbols

.text 00000000

Symbol: .text
   Definitions
      At line 75 in file RTE\Device\ARMCM3\startup_ARMCM3.s
   Uses
      None
Comment: .text unused
BusFault_Handler 0000000E

Symbol: BusFault_Handler
   Definitions
      At line 96 in macro Set_Default_Handler
      at line 108 in file RTE\Device\ARMCM3\startup_ARMCM3.s
   Uses
      At line 46 in file RTE\Device\ARMCM3\startup_ARMCM3.s
      At line 97 in macro Set_Default_Handler
      at line 108 in file RTE\Device\ARMCM3\startup_ARMCM3.s

DebugMon_Handler 00000014

Symbol: DebugMon_Handler
   Definitions
      At line 96 in macro Set_Default_Handler
      at line 111 in file RTE\Device\ARMCM3\startup_ARMCM3.s
   Uses
      At line 53 in file RTE\Device\ARMCM3\startup_ARMCM3.s
      At line 97 in macro Set_Default_Handler
      at line 111 in file RTE\Device\ARMCM3\startup_ARMCM3.s

HardFault_Handler 0000000A

Symbol: HardFault_Handler
   Definitions
      At line 96 in macro Set_Default_Handler
      at line 106 in file RTE\Device\ARMCM3\startup_ARMCM3.s
   Uses
      At line 44 in file RTE\Device\ARMCM3\startup_ARMCM3.s
      At line 97 in macro Set_Default_Handler
      at line 106 in file RTE\Device\ARMCM3\startup_ARMCM3.s

Interrupt0_Handler 0000001A

Symbol: Interrupt0_Handler
   Definitions
      At line 96 in macro Set_Default_Handler
      at line 115 in file RTE\Device\ARMCM3\startup_ARMCM3.s
   Uses
      At line 59 in file RTE\Device\ARMCM3\startup_ARMCM3.s
      At line 97 in macro Set_Default_Handler
      at line 115 in file RTE\Device\ARMCM3\startup_ARMCM3.s

Interrupt1_Handler 0000001C

Symbol: Interrupt1_Handler
   Definitions
      At line 96 in macro Set_Default_Handler
      at line 116 in file RTE\Device\ARMCM3\startup_ARMCM3.s
   Uses



ARM Macro Assembler    Page 2 Alphabetic symbol ordering
Relocatable symbols

      At line 60 in file RTE\Device\ARMCM3\startup_ARMCM3.s
      At line 97 in macro Set_Default_Handler
      at line 116 in file RTE\Device\ARMCM3\startup_ARMCM3.s

Interrupt2_Handler 0000001E

Symbol: Interrupt2_Handler
   Definitions
      At line 96 in macro Set_Default_Handler
      at line 117 in file RTE\Device\ARMCM3\startup_ARMCM3.s
   Uses
      At line 61 in file RTE\Device\ARMCM3\startup_ARMCM3.s
      At line 97 in macro Set_Default_Handler
      at line 117 in file RTE\Device\ARMCM3\startup_ARMCM3.s

Interrupt3_Handler 00000020

Symbol: Interrupt3_Handler
   Definitions
      At line 96 in macro Set_Default_Handler
      at line 118 in file RTE\Device\ARMCM3\startup_ARMCM3.s
   Uses
      At line 62 in file RTE\Device\ARMCM3\startup_ARMCM3.s
      At line 97 in macro Set_Default_Handler
      at line 118 in file RTE\Device\ARMCM3\startup_ARMCM3.s

Interrupt4_Handler 00000022

Symbol: Interrupt4_Handler
   Definitions
      At line 96 in macro Set_Default_Handler
      at line 119 in file RTE\Device\ARMCM3\startup_ARMCM3.s
   Uses
      At line 63 in file RTE\Device\ARMCM3\startup_ARMCM3.s
      At line 97 in macro Set_Default_Handler
      at line 119 in file RTE\Device\ARMCM3\startup_ARMCM3.s

Interrupt5_Handler 00000024

Symbol: Interrupt5_Handler
   Definitions
      At line 96 in macro Set_Default_Handler
      at line 120 in file RTE\Device\ARMCM3\startup_ARMCM3.s
   Uses
      At line 64 in file RTE\Device\ARMCM3\startup_ARMCM3.s
      At line 97 in macro Set_Default_Handler
      at line 120 in file RTE\Device\ARMCM3\startup_ARMCM3.s

Interrupt6_Handler 00000026

Symbol: Interrupt6_Handler
   Definitions
      At line 96 in macro Set_Default_Handler
      at line 121 in file RTE\Device\ARMCM3\startup_ARMCM3.s
   Uses
      At line 65 in file RTE\Device\ARMCM3\startup_ARMCM3.s
      At line 97 in macro Set_Default_Handler
      at line 121 in file RTE\Device\ARMCM3\startup_ARMCM3.s




ARM Macro Assembler    Page 3 Alphabetic symbol ordering
Relocatable symbols

Interrupt7_Handler 00000028

Symbol: Interrupt7_Handler
   Definitions
      At line 96 in macro Set_Default_Handler
      at line 122 in file RTE\Device\ARMCM3\startup_ARMCM3.s
   Uses
      At line 66 in file RTE\Device\ARMCM3\startup_ARMCM3.s
      At line 97 in macro Set_Default_Handler
      at line 122 in file RTE\Device\ARMCM3\startup_ARMCM3.s

Interrupt8_Handler 0000002A

Symbol: Interrupt8_Handler
   Definitions
      At line 96 in macro Set_Default_Handler
      at line 123 in file RTE\Device\ARMCM3\startup_ARMCM3.s
   Uses
      At line 67 in file RTE\Device\ARMCM3\startup_ARMCM3.s
      At line 97 in macro Set_Default_Handler
      at line 123 in file RTE\Device\ARMCM3\startup_ARMCM3.s

Interrupt9_Handler 0000002C

Symbol: Interrupt9_Handler
   Definitions
      At line 96 in macro Set_Default_Handler
      at line 124 in file RTE\Device\ARMCM3\startup_ARMCM3.s
   Uses
      At line 68 in file RTE\Device\ARMCM3\startup_ARMCM3.s
      At line 97 in macro Set_Default_Handler
      at line 124 in file RTE\Device\ARMCM3\startup_ARMCM3.s

MemManage_Handler 0000000C

Symbol: MemManage_Handler
   Definitions
      At line 96 in macro Set_Default_Handler
      at line 107 in file RTE\Device\ARMCM3\startup_ARMCM3.s
   Uses
      At line 45 in file RTE\Device\ARMCM3\startup_ARMCM3.s
      At line 97 in macro Set_Default_Handler
      at line 107 in file RTE\Device\ARMCM3\startup_ARMCM3.s

NMI_Handler 00000008

Symbol: NMI_Handler
   Definitions
      At line 96 in macro Set_Default_Handler
      at line 105 in file RTE\Device\ARMCM3\startup_ARMCM3.s
   Uses
      At line 43 in file RTE\Device\ARMCM3\startup_ARMCM3.s
      At line 97 in macro Set_Default_Handler
      at line 105 in file RTE\Device\ARMCM3\startup_ARMCM3.s

PendSV_Handler 00000016

Symbol: PendSV_Handler
   Definitions



ARM Macro Assembler    Page 4 Alphabetic symbol ordering
Relocatable symbols

      At line 96 in macro Set_Default_Handler
      at line 112 in file RTE\Device\ARMCM3\startup_ARMCM3.s
   Uses
      At line 55 in file RTE\Device\ARMCM3\startup_ARMCM3.s
      At line 97 in macro Set_Default_Handler
      at line 112 in file RTE\Device\ARMCM3\startup_ARMCM3.s

Reset_Handler 00000000

Symbol: Reset_Handler
   Definitions
      At line 79 in file RTE\Device\ARMCM3\startup_ARMCM3.s
   Uses
      At line 42 in file RTE\Device\ARMCM3\startup_ARMCM3.s
      At line 80 in file RTE\Device\ARMCM3\startup_ARMCM3.s

SVC_Handler 00000012

Symbol: SVC_Handler
   Definitions
      At line 96 in macro Set_Default_Handler
      at line 110 in file RTE\Device\ARMCM3\startup_ARMCM3.s
   Uses
      At line 52 in file RTE\Device\ARMCM3\startup_ARMCM3.s
      At line 97 in macro Set_Default_Handler
      at line 110 in file RTE\Device\ARMCM3\startup_ARMCM3.s

SysTick_Handler 00000018

Symbol: SysTick_Handler
   Definitions
      At line 96 in macro Set_Default_Handler
      at line 113 in file RTE\Device\ARMCM3\startup_ARMCM3.s
   Uses
      At line 56 in file RTE\Device\ARMCM3\startup_ARMCM3.s
      At line 97 in macro Set_Default_Handler
      at line 113 in file RTE\Device\ARMCM3\startup_ARMCM3.s

UsageFault_Handler 00000010

Symbol: UsageFault_Handler
   Definitions
      At line 96 in macro Set_Default_Handler
      at line 109 in file RTE\Device\ARMCM3\startup_ARMCM3.s
   Uses
      At line 47 in file RTE\Device\ARMCM3\startup_ARMCM3.s
      At line 97 in macro Set_Default_Handler
      at line 109 in file RTE\Device\ARMCM3\startup_ARMCM3.s

21 symbols



ARM Macro Assembler    Page 1 Alphabetic symbol ordering
Absolute symbols

Heap_Size 00000C00

Symbol: Heap_Size
   Definitions
      At line 20 in file RTE\Device\ARMCM3\startup_ARMCM3.s
   Uses
      At line 22 in file RTE\Device\ARMCM3\startup_ARMCM3.s
      At line 25 in file RTE\Device\ARMCM3\startup_ARMCM3.s
      At line 137 in file RTE\Device\ARMCM3\startup_ARMCM3.s

Stack_Size 00000400

Symbol: Stack_Size
   Definitions
      At line 8 in file RTE\Device\ARMCM3\startup_ARMCM3.s
   Uses
      At line 12 in file RTE\Device\ARMCM3\startup_ARMCM3.s
Comment: Stack_Size used once
__Vectors_Size 000003C0

Symbol: __Vectors_Size
   Definitions
      At line 72 in file RTE\Device\ARMCM3\startup_ARMCM3.s
   Uses
      At line 39 in file RTE\Device\ARMCM3\startup_ARMCM3.s
Comment: __Vectors_Size used once
3 symbols



ARM Macro Assembler    Page 1 Alphabetic symbol ordering
External symbols

SystemInit 00000000

Symbol: SystemInit
   Definitions
      At line 81 in file RTE\Device\ARMCM3\startup_ARMCM3.s
   Uses
      At line 84 in file RTE\Device\ARMCM3\startup_ARMCM3.s
Comment: SystemInit used once
__main 00000000

Symbol: __main
   Definitions
      At line 82 in file RTE\Device\ARMCM3\startup_ARMCM3.s
   Uses
      At line 86 in file RTE\Device\ARMCM3\startup_ARMCM3.s
Comment: __main used once
__use_two_region_memory 00000000

Symbol: __use_two_region_memory
   Definitions
      At line 132 in file RTE\Device\ARMCM3\startup_ARMCM3.s
   Uses
      None
Comment: __use_two_region_memory unused
3 symbols
375 symbols in table
